2021-03-20 21:14:01,539 INFO [main] o.s.b.t.c.SpringBootTestContextBootstrapper [AbstractTestContextBootstrapper.java : 308] Neither @ContextConfiguration nor @ContextHierarchy found for test class [com.example.demo.ECommerceApplicationTests], using SpringBootContextLoader
2021-03-20 21:14:01,544 INFO [main] o.s.t.c.s.AbstractContextLoader [AbstractContextLoader.java : 264] Could not detect default resource locations for test class [com.example.demo.ECommerceApplicationTests]: no resource found for suffixes {-context.xml, Context.groovy}.
2021-03-20 21:14:01,545 INFO [main] o.s.t.c.s.AnnotationConfigContextLoaderUtils [AnnotationConfigContextLoaderUtils.java : 83] Could not detect default configuration classes for test class [com.example.demo.ECommerceApplicationTests]: ECommerceApplicationTests does not declare any static, non-private, non-final, nested classes annotated with @Configuration.
2021-03-20 21:14:01,637 INFO [main] o.s.b.t.c.SpringBootTestContextBootstrapper [SpringBootTestContextBootstrapper.java : 247] Found @SpringBootConfiguration com.example.demo.ECommerceApplication for test class com.example.demo.ECommerceApplicationTests
2021-03-20 21:14:01,694 INFO [main] o.s.b.t.c.SpringBootTestContextBootstrapper [AbstractTestContextBootstrapper.java : 248] Loaded default TestExecutionListener class names from location [META-INF/spring.factories]: [org.springframework.boot.test.mock.mockito.MockitoTestExecutionListener, org.springframework.boot.test.mock.mockito.ResetMocksTestExecutionListener, org.springframework.boot.test.autoconfigure.restdocs.RestDocsTestExecutionListener, org.springframework.boot.test.autoconfigure.web.client.MockRestServiceServerResetTestExecutionListener, org.springframework.boot.test.autoconfigure.web.servlet.MockMvcPrintOnlyOnFailureTestExecutionListener, org.springframework.boot.test.autoconfigure.web.servlet.WebDriverTestExecutionListener, org.springframework.test.context.web.ServletTestExecutionListener, org.springframework.test.context.support.DirtiesContextBeforeModesTestExecutionListener, org.springframework.test.context.support.DependencyInjectionTestExecutionListener, org.springframework.test.context.support.DirtiesContextTestExecutionListener, org.springframework.test.context.transaction.TransactionalTestExecutionListener, org.springframework.test.context.jdbc.SqlScriptsTestExecutionListener]
2021-03-20 21:14:01,702 INFO [main] o.s.b.t.c.SpringBootTestContextBootstrapper [AbstractTestContextBootstrapper.java : 177] Using TestExecutionListeners: [org.springframework.test.context.web.ServletTestExecutionListener@2d96543c, org.springframework.test.context.support.DirtiesContextBeforeModesTestExecutionListener@73a2e526, org.springframework.boot.test.mock.mockito.MockitoTestExecutionListener@7d64e326, org.springframework.boot.test.autoconfigure.SpringBootDependencyInjectionTestExecutionListener@13f95696, org.springframework.test.context.support.DirtiesContextTestExecutionListener@cd1d761, org.springframework.test.context.transaction.TransactionalTestExecutionListener@68be8808, org.springframework.test.context.jdbc.SqlScriptsTestExecutionListener@32193bea, org.springframework.boot.test.mock.mockito.ResetMocksTestExecutionListener@6b8d96d9, org.springframework.boot.test.autoconfigure.restdocs.RestDocsTestExecutionListener@69653e16, org.springframework.boot.test.autoconfigure.web.client.MockRestServiceServerResetTestExecutionListener@758705fa, org.springframework.boot.test.autoconfigure.web.servlet.MockMvcPrintOnlyOnFailureTestExecutionListener@ebaa6cb, org.springframework.boot.test.autoconfigure.web.servlet.WebDriverTestExecutionListener@906d29b]
2021-03-20 21:14:01,888 INFO [main] c.e.d.ECommerceApplicationTests [StartupInfoLogger.java : 50] Starting ECommerceApplicationTests on fansua with PID 362225 (started by fansua in /home/fansua/Development/projects/udacity/JavaWebDev/eCommerceApp/nd035-c4-Security-and-DevOps/eCommerceApp)
2021-03-20 21:14:01,889 INFO [main] c.e.d.ECommerceApplicationTests [SpringApplication.java : 675] No active profile set, falling back to default profiles: default
2021-03-20 21:14:02,389 INFO [main] o.s.d.r.c.RepositoryConfigurationDelegate [RepositoryConfigurationDelegate.java : 126] Bootstrapping Spring Data repositories in DEFAULT mode.
2021-03-20 21:14:02,442 INFO [main] o.s.d.r.c.RepositoryConfigurationDelegate [RepositoryConfigurationDelegate.java : 182] Finished Spring Data repository scanning in 47ms. Found 4 repository interfaces.
2021-03-20 21:14:02,857 INFO [main] o.s.c.s.PostProcessorRegistrationDelegate$BeanPostProcessorChecker [PostProcessorRegistrationDelegate.java : 330] Bean 'org.springframework.transaction.annotation.ProxyTransactionManagementConfiguration' of type [org.springframework.transaction.annotation.ProxyTransactionManagementConfiguration$$EnhancerBySpringCGLIB$$57bb885f] is not eligible for getting processed by all BeanPostProcessors (for example: not eligible for auto-proxying)
2021-03-20 21:14:03,045 INFO [main] c.z.h.HikariDataSource [HikariDataSource.java : 110] HikariPool-1 - Starting...
2021-03-20 21:14:03,160 INFO [main] c.z.h.HikariDataSource [HikariDataSource.java : 123] HikariPool-1 - Start completed.
2021-03-20 21:14:03,215 INFO [main] o.h.j.i.u.LogHelper [LogHelper.java : 31] HHH000204: Processing PersistenceUnitInfo [
	name: default
	...]
2021-03-20 21:14:03,273 INFO [main] o.h.Version [Version.java : 46] HHH000412: Hibernate Core {5.3.10.Final}
2021-03-20 21:14:03,274 INFO [main] o.h.c.Environment [Environment.java : 213] HHH000206: hibernate.properties not found
2021-03-20 21:14:03,368 INFO [main] o.h.a.c.Version [JavaReflectionManager.java : 49] HCANN000001: Hibernate Commons Annotations {5.0.4.Final}
2021-03-20 21:14:03,469 INFO [main] o.h.d.Dialect [Dialect.java : 157] HHH000400: Using dialect: org.hibernate.dialect.H2Dialect
2021-03-20 21:14:04,067 INFO [main] o.s.o.j.LocalContainerEntityManagerFactoryBean [AbstractEntityManagerFactoryBean.java : 415] Initialized JPA EntityManagerFactory for persistence unit 'default'
2021-03-20 21:14:04,740 WARN [main] o.s.b.a.o.j.JpaBaseConfiguration$JpaWebConfiguration$JpaWebMvcConfiguration [JpaBaseConfiguration.java : 237] spring.jpa.open-in-view is enabled by default. Therefore, database queries may be performed during view rendering. Explicitly configure spring.jpa.open-in-view to disable this warning
2021-03-20 21:14:04,849 INFO [main] o.s.s.w.DefaultSecurityFilterChain [DefaultSecurityFilterChain.java : 43] Creating filter chain: any request, [org.springframework.security.web.context.request.async.WebAsyncManagerIntegrationFilter@2dfd157b, org.springframework.security.web.context.SecurityContextPersistenceFilter@6b576ff8, org.springframework.security.web.header.HeaderWriterFilter@1abbc1d4, org.springframework.web.filter.CorsFilter@64381526, org.springframework.security.web.authentication.logout.LogoutFilter@3966c679, com.example.demo.security.JWTAuthenticationFilter@46290193, com.example.demo.security.JWTAuthenticationVerficationFilter@6ad7a305, org.springframework.security.web.savedrequest.RequestCacheAwareFilter@353422fd, org.springframework.security.web.servletapi.SecurityContextHolderAwareRequestFilter@6c8672b9, org.springframework.security.web.authentication.AnonymousAuthenticationFilter@2fc435e9, org.springframework.security.web.session.SessionManagementFilter@6ad26381, org.springframework.security.web.access.ExceptionTranslationFilter@1dd9a3ae, org.springframework.security.web.access.intercept.FilterSecurityInterceptor@129aaac1]
2021-03-20 21:14:05,267 INFO [main] o.s.s.c.ThreadPoolTaskExecutor [ExecutorConfigurationSupport.java : 171] Initializing ExecutorService 'applicationTaskExecutor'
2021-03-20 21:14:05,498 INFO [main] c.e.d.ECommerceApplicationTests [StartupInfoLogger.java : 59] Started ECommerceApplicationTests in 3.775 seconds (JVM running for 4.461)
2021-03-20 21:14:05,729 INFO [main] c.e.d.c.CartController [CartController.java : 53] Successfully added item to cart
2021-03-20 21:14:05,729 INFO [main] c.e.d.c.CartController [CartController.java : 61] Unable to find user info
2021-03-20 21:14:05,730 INFO [main] c.e.d.c.CartController [CartController.java : 41] Unable to find user info
2021-03-20 21:14:05,730 INFO [main] c.e.d.c.CartController [CartController.java : 46] Item with the following id 1 does not exist
2021-03-20 21:14:05,731 INFO [main] c.e.d.c.CartController [CartController.java : 66] Item with the following id 1 does not exist
2021-03-20 21:14:05,731 INFO [main] c.e.d.c.CartController [CartController.java : 73] Successfully removed item to cart
2021-03-20 21:14:05,757 INFO [main] c.e.d.c.OrderController [OrderController.java : 32] Error finding user with username test
2021-03-20 21:14:05,757 INFO [main] c.e.d.c.OrderController [OrderController.java : 37] Successfully saved order for username test
2021-03-20 21:14:05,758 INFO [main] c.e.d.c.OrderController [OrderController.java : 45] Error finding user with username test
2021-03-20 21:14:05,758 INFO [main] c.e.d.c.OrderController [OrderController.java : 48] Successfully got order history for user test
2021-03-20 21:14:05,774 INFO [main] c.e.d.c.UserController [UserController.java : 54] Successfully created user test
2021-03-20 21:14:05,775 INFO [main] c.e.d.c.UserController [UserController.java : 49] Error with user password. Cannot create user test
2021-03-20 21:14:05,776 INFO [main] c.e.d.c.UserController [UserController.java : 49] Error with user password. Cannot create user test
2021-03-20 21:14:05,781 INFO [Thread-2] o.s.s.c.ThreadPoolTaskExecutor [ExecutorConfigurationSupport.java : 208] Shutting down ExecutorService 'applicationTaskExecutor'
2021-03-20 21:14:05,783 INFO [Thread-2] o.s.o.j.LocalContainerEntityManagerFactoryBean [AbstractEntityManagerFactoryBean.java : 597] Closing JPA EntityManagerFactory for persistence unit 'default'
2021-03-20 21:14:05,786 INFO [Thread-2] c.z.h.HikariDataSource [HikariDataSource.java : 350] HikariPool-1 - Shutdown initiated...
2021-03-20 21:14:05,789 INFO [Thread-2] c.z.h.HikariDataSource [HikariDataSource.java : 352] HikariPool-1 - Shutdown completed.
2021-03-20 21:14:22,805 INFO [main] c.e.d.ECommerceApplication [StartupInfoLogger.java : 50] Starting ECommerceApplication on fansua with PID 362327 (/home/fansua/Development/projects/udacity/JavaWebDev/eCommerceApp/nd035-c4-Security-and-DevOps/eCommerceApp/target/classes started by fansua in /home/fansua/Development/projects/udacity/JavaWebDev/eCommerceApp/nd035-c4-Security-and-DevOps/eCommerceApp)
2021-03-20 21:14:22,808 INFO [main] c.e.d.ECommerceApplication [SpringApplication.java : 675] No active profile set, falling back to default profiles: default
2021-03-20 21:14:23,275 INFO [main] o.s.d.r.c.RepositoryConfigurationDelegate [RepositoryConfigurationDelegate.java : 126] Bootstrapping Spring Data repositories in DEFAULT mode.
2021-03-20 21:14:23,325 INFO [main] o.s.d.r.c.RepositoryConfigurationDelegate [RepositoryConfigurationDelegate.java : 182] Finished Spring Data repository scanning in 42ms. Found 4 repository interfaces.
2021-03-20 21:14:23,737 INFO [main] o.s.c.s.PostProcessorRegistrationDelegate$BeanPostProcessorChecker [PostProcessorRegistrationDelegate.java : 330] Bean 'org.springframework.transaction.annotation.ProxyTransactionManagementConfiguration' of type [org.springframework.transaction.annotation.ProxyTransactionManagementConfiguration$$EnhancerBySpringCGLIB$$2fe43dd4] is not eligible for getting processed by all BeanPostProcessors (for example: not eligible for auto-proxying)
2021-03-20 21:14:24,001 INFO [main] o.s.b.w.e.t.TomcatWebServer [TomcatWebServer.java : 90] Tomcat initialized with port(s): 8080 (http)
2021-03-20 21:14:24,018 INFO [main] o.a.c.h.Http11NioProtocol [DirectJDKLog.java : 173] Initializing ProtocolHandler ["http-nio-8080"]
2021-03-20 21:14:24,026 INFO [main] o.a.c.c.StandardService [DirectJDKLog.java : 173] Starting service [Tomcat]
2021-03-20 21:14:24,026 INFO [main] o.a.c.c.StandardEngine [DirectJDKLog.java : 173] Starting Servlet engine: [Apache Tomcat/9.0.19]
2021-03-20 21:14:24,095 INFO [main] o.a.c.c.C.[.[.[/] [DirectJDKLog.java : 173] Initializing Spring embedded WebApplicationContext
2021-03-20 21:14:24,095 INFO [main] o.s.w.c.ContextLoader [ServletWebServerApplicationContext.java : 296] Root WebApplicationContext: initialization completed in 1248 ms
2021-03-20 21:14:24,263 INFO [main] c.z.h.HikariDataSource [HikariDataSource.java : 110] HikariPool-1 - Starting...
2021-03-20 21:14:24,427 INFO [main] c.z.h.HikariDataSource [HikariDataSource.java : 123] HikariPool-1 - Start completed.
2021-03-20 21:14:24,495 INFO [main] o.h.j.i.u.LogHelper [LogHelper.java : 31] HHH000204: Processing PersistenceUnitInfo [
	name: default
	...]
2021-03-20 21:14:24,571 INFO [main] o.h.Version [Version.java : 46] HHH000412: Hibernate Core {5.3.10.Final}
2021-03-20 21:14:24,572 INFO [main] o.h.c.Environment [Environment.java : 213] HHH000206: hibernate.properties not found
2021-03-20 21:14:24,676 INFO [main] o.h.a.c.Version [JavaReflectionManager.java : 49] HCANN000001: Hibernate Commons Annotations {5.0.4.Final}
2021-03-20 21:14:24,782 INFO [main] o.h.d.Dialect [Dialect.java : 157] HHH000400: Using dialect: org.hibernate.dialect.H2Dialect
2021-03-20 21:14:25,330 INFO [main] o.s.o.j.LocalContainerEntityManagerFactoryBean [AbstractEntityManagerFactoryBean.java : 415] Initialized JPA EntityManagerFactory for persistence unit 'default'
2021-03-20 21:14:25,884 WARN [main] o.s.b.a.o.j.JpaBaseConfiguration$JpaWebConfiguration$JpaWebMvcConfiguration [JpaBaseConfiguration.java : 237] spring.jpa.open-in-view is enabled by default. Therefore, database queries may be performed during view rendering. Explicitly configure spring.jpa.open-in-view to disable this warning
2021-03-20 21:14:25,955 INFO [main] o.s.s.w.DefaultSecurityFilterChain [DefaultSecurityFilterChain.java : 43] Creating filter chain: any request, [org.springframework.security.web.context.request.async.WebAsyncManagerIntegrationFilter@e6cdbb2, org.springframework.security.web.context.SecurityContextPersistenceFilter@1a946213, org.springframework.security.web.header.HeaderWriterFilter@7ef47016, org.springframework.web.filter.CorsFilter@3db6dd4, org.springframework.security.web.authentication.logout.LogoutFilter@1fb80597, com.example.demo.security.JWTAuthenticationFilter@613bed42, com.example.demo.security.JWTAuthenticationVerficationFilter@3da4a2, org.springframework.security.web.savedrequest.RequestCacheAwareFilter@3796cc50, org.springframework.security.web.servletapi.SecurityContextHolderAwareRequestFilter@681c8399, org.springframework.security.web.authentication.AnonymousAuthenticationFilter@68645e5c, org.springframework.security.web.session.SessionManagementFilter@1e6093e3, org.springframework.security.web.access.ExceptionTranslationFilter@6adabef8, org.springframework.security.web.access.intercept.FilterSecurityInterceptor@830b6d0]
2021-03-20 21:14:26,061 INFO [main] o.s.s.c.ThreadPoolTaskExecutor [ExecutorConfigurationSupport.java : 171] Initializing ExecutorService 'applicationTaskExecutor'
2021-03-20 21:14:26,207 INFO [main] o.a.c.h.Http11NioProtocol [DirectJDKLog.java : 173] Starting ProtocolHandler ["http-nio-8080"]
2021-03-20 21:14:26,237 INFO [main] o.s.b.w.e.t.TomcatWebServer [TomcatWebServer.java : 204] Tomcat started on port(s): 8080 (http) with context path ''
2021-03-20 21:14:26,240 INFO [main] c.e.d.ECommerceApplication [StartupInfoLogger.java : 59] Started ECommerceApplication in 3.668 seconds (JVM running for 5.961)
2021-03-20 21:15:17,901 INFO [http-nio-8080-exec-1] o.a.c.c.C.[.[.[/] [DirectJDKLog.java : 173] Initializing Spring DispatcherServlet 'dispatcherServlet'
2021-03-20 21:15:17,902 INFO [http-nio-8080-exec-1] o.s.w.s.DispatcherServlet [FrameworkServlet.java : 524] Initializing Servlet 'dispatcherServlet'
2021-03-20 21:15:17,908 INFO [http-nio-8080-exec-1] o.s.w.s.DispatcherServlet [FrameworkServlet.java : 546] Completed initialization in 6 ms
2021-03-20 21:15:18,168 INFO [http-nio-8080-exec-1] c.e.d.c.UserController [UserController.java : 54] Successfully created user renren
2021-03-20 21:15:27,858 INFO [http-nio-8080-exec-3] c.e.d.c.UserController [UserController.java : 54] Successfully created user ren
2021-03-20 21:15:34,070 INFO [http-nio-8080-exec-4] c.e.d.c.UserController [UserController.java : 54] Successfully created user fansua
2021-03-20 21:15:43,670 INFO [http-nio-8080-exec-5] o.h.h.i.QueryTranslatorFactoryInitiator [QueryTranslatorFactoryInitiator.java : 47] HHH000397: Using ASTQueryTranslatorFactory
2021-03-20 21:15:43,773 INFO [http-nio-8080-exec-5] c.e.d.c.CartController [CartController.java : 41] Unable to find user info
2021-03-20 21:16:24,989 INFO [http-nio-8080-exec-6] c.e.d.c.CartController [CartController.java : 41] Unable to find user info
2021-03-20 21:16:29,137 INFO [http-nio-8080-exec-7] c.e.d.c.CartController [CartController.java : 41] Unable to find user info
2021-03-20 21:16:33,624 INFO [http-nio-8080-exec-8] c.e.d.c.CartController [CartController.java : 53] Successfully added item to cart
2021-03-20 21:16:38,818 INFO [http-nio-8080-exec-9] c.e.d.c.CartController [CartController.java : 53] Successfully added item to cart
2021-03-20 21:16:43,476 INFO [http-nio-8080-exec-10] c.e.d.c.CartController [CartController.java : 41] Unable to find user info
2021-03-20 21:16:47,905 INFO [http-nio-8080-exec-2] c.e.d.c.CartController [CartController.java : 53] Successfully added item to cart
2021-03-20 22:37:52,063 INFO [main] c.e.d.c.CartController [CartController.java : 53] Successfully added item to cart
2021-03-20 22:37:52,079 INFO [main] c.e.d.c.CartController [CartController.java : 61] Unable to find user info
2021-03-20 22:37:52,081 INFO [main] c.e.d.c.CartController [CartController.java : 41] Unable to find user info
2021-03-20 22:37:52,082 INFO [main] c.e.d.c.CartController [CartController.java : 46] Item with the following id 1 does not exist
2021-03-20 22:37:52,084 INFO [main] c.e.d.c.CartController [CartController.java : 66] Item with the following id 1 does not exist
2021-03-20 22:37:52,085 INFO [main] c.e.d.c.CartController [CartController.java : 73] Successfully removed item to cart
2021-03-20 22:37:52,127 INFO [main] c.e.d.c.OrderController [OrderController.java : 32] Error finding user with username test
2021-03-20 22:37:52,130 INFO [main] c.e.d.c.OrderController [OrderController.java : 37] Successfully saved order for username test
2021-03-20 22:37:52,132 INFO [main] c.e.d.c.OrderController [OrderController.java : 45] Error finding user with username test
2021-03-20 22:37:52,134 INFO [main] c.e.d.c.OrderController [OrderController.java : 48] Successfully got order history for user test
2021-03-20 22:37:52,153 INFO [main] c.e.d.c.UserController [UserController.java : 54] Successfully created user test
2021-03-20 22:37:52,154 INFO [main] c.e.d.c.UserController [UserController.java : 49] Error with user password. Cannot create user test
2021-03-20 22:37:52,157 INFO [main] c.e.d.c.UserController [UserController.java : 49] Error with user password. Cannot create user test
